[2023-10-16 15:50:06] [ INFO ] [Leon:19] El León Albolito de navidad está corriendo....... 
[2023-10-16 15:50:25] [ INFO ] [Leon:19] El León Albolito de navidad está corriendo....... 
[2023-10-16 15:50:25] [ DEBUG] [Leon:30] El león Albolito de navidad , tiene 13 años.
[2023-10-16 15:50:52] [ INFO ] [Leon:19] El León Albolito de navidad está corriendo....... 
[2023-10-16 15:50:52] [ DEBUG] [Leon:27] El león Albolito de navidad , tiene 13 años.
[2023-10-16 15:54:00] [ INFO ] [Leon:19] El León Albolito de navidad está corriendo....... 
[2023-10-16 15:54:00] [ DEBUG] [Leon:27] El león Albolito de navidad , tiene 13 años.
[2023-10-16 15:54:00] [ INFO ] [Leon:38] Al bicho le faltan huevos
[2023-10-16 15:54:44] [ INFO ] [Leon:19] El León Albolito de navidad está corriendo....... 
[2023-10-16 15:54:44] [ DEBUG] [Leon:27] El león Albolito de navidad , tiene 13 años.
[2023-10-16 15:54:44] [ INFO ] [Leon:38] Al bicho le faltan huevos
[2023-10-16 15:54:44] [ INFO ] [Leon:19] El León Balón de oro está corriendo....... 
[2023-10-16 15:54:44] [ DEBUG] [Leon:27] El león Balón de oro , tiene 30 años.
[2023-10-16 15:54:44] [ INFO ] [Leon:36] EL bicho el macho Alfa
[2023-10-16 15:58:46] [ INFO ] [Leon:19] El León Albolito de navidad está corriendo....... 
[2023-10-16 15:58:46] [ DEBUG] [Leon:27] El león Albolito de navidad , tiene 13 años.
[2023-10-16 15:58:46] [ INFO ] [Leon:38] Al bicho le faltan huevos
[2023-10-16 15:58:46] [ INFO ] [Leon:19] El León Balón de oro está corriendo....... 
[2023-10-16 15:58:46] [ DEBUG] [Leon:27] El león Balón de oro , tiene 30 años.
[2023-10-16 15:58:46] [ INFO ] [Leon:36] EL bicho el macho Alfa
[2023-10-16 15:58:46] [ DEBUG] [Tigre:22] El Tigre Tony , tiene -9 años.
[2023-10-16 15:59:50] [ INFO ] [Leon:19] El León Albolito de navidad está corriendo....... 
[2023-10-16 15:59:50] [ DEBUG] [Leon:27] El león Albolito de navidad , tiene 13 años.
[2023-10-16 15:59:50] [ INFO ] [Leon:38] Al bicho le faltan huevos
[2023-10-16 15:59:50] [ INFO ] [Leon:19] El León Balón de oro está corriendo....... 
[2023-10-16 15:59:50] [ DEBUG] [Leon:27] El león Balón de oro , tiene 30 años.
[2023-10-16 15:59:50] [ INFO ] [Leon:36] EL bicho el macho Alfa
[2023-10-16 15:59:50] [ DEBUG] [Tigre:22] El Tigre Tony , tiene -9 años.
[2023-10-16 16:00:36] [ INFO ] [Leon:19] El León Albolito de navidad está corriendo....... 
[2023-10-16 16:00:36] [ DEBUG] [Leon:27] El león Albolito de navidad , tiene 13 años.
[2023-10-16 16:00:36] [ INFO ] [Leon:38] Al bicho le faltan huevos
[2023-10-16 16:00:36] [ INFO ] [Leon:19] El León Balón de oro está corriendo....... 
[2023-10-16 16:00:36] [ DEBUG] [Leon:27] El león Balón de oro , tiene 30 años.
[2023-10-16 16:00:36] [ INFO ] [Leon:36] EL bicho el macho Alfa
[2023-10-16 16:00:36] [ DEBUG] [Tigre:22] El Tigre Tony , tiene 0 años.
[2023-10-16 16:06:54] [ INFO ] [Leon:19] El León Albolito de navidad está corriendo....... 
[2023-10-16 16:06:54] [ DEBUG] [Leon:27] El león Albolito de navidad , tiene 13 años.
[2023-10-16 16:06:54] [ INFO ] [Leon:38] Al bicho le faltan huevos
[2023-10-16 16:06:54] [ INFO ] [Leon:19] El León Balón de oro está corriendo....... 
[2023-10-16 16:06:54] [ DEBUG] [Leon:27] El león Balón de oro , tiene 30 años.
[2023-10-16 16:06:54] [ INFO ] [Leon:36] EL bicho el macho Alfa
[2023-10-16 16:07:30] [ INFO ] [Leon:19] El León Albolito de navidad está corriendo....... 
[2023-10-16 16:07:30] [ DEBUG] [Leon:27] El león Albolito de navidad , tiene 13 años.
[2023-10-16 16:07:30] [ INFO ] [Leon:38] Al bicho le faltan huevos
[2023-10-16 16:07:30] [ INFO ] [Leon:19] El León Balón de oro está corriendo....... 
[2023-10-16 16:07:30] [ DEBUG] [Leon:27] El león Balón de oro , tiene 30 años.
[2023-10-16 16:07:30] [ INFO ] [Leon:36] EL bicho el macho Alfa
[2023-10-16 16:07:30] [ INFO ] [Tigre:14] El Tigre Tony está corriendo....... 
[2023-10-16 16:10:10] [ INFO ] [Leon:19] El León Albolito de navidad está corriendo....... 
[2023-10-16 16:10:10] [ DEBUG] [Leon:27] El león Albolito de navidad , tiene 13 años.
[2023-10-16 16:10:10] [ INFO ] [Leon:38] Al bicho le faltan huevos
[2023-10-16 16:10:10] [ INFO ] [Leon:19] El León Balón de oro está corriendo....... 
[2023-10-16 16:10:10] [ DEBUG] [Leon:27] El león Balón de oro , tiene 30 años.
[2023-10-16 16:10:10] [ INFO ] [Leon:36] EL bicho el macho Alfa
[2023-10-16 16:10:10] [ INFO ] [Tigre:14] El Tigre Tony está corriendo....... 
[2023-10-16 16:10:10] [ DEBUG] [Tigre:22] El Tigre Tony , tiene 0 años.
[2023-10-16 16:11:19] [ INFO ] [Leon:19] El León Albolito de navidad está corriendo....... 
[2023-10-16 16:11:19] [ DEBUG] [Leon:27] El león Albolito de navidad , tiene 13 años.
[2023-10-16 16:11:19] [ INFO ] [Leon:38] Al bicho le faltan huevos
[2023-10-16 16:11:19] [ INFO ] [Leon:19] El León Balón de oro está corriendo....... 
[2023-10-16 16:11:19] [ DEBUG] [Leon:27] El león Balón de oro , tiene 30 años.
[2023-10-16 16:11:19] [ INFO ] [Leon:36] EL bicho el macho Alfa
[2023-10-16 16:11:19] [ INFO ] [Tigre:14] El Tigre Tony está corriendo....... 
[2023-10-16 16:11:19] [ DEBUG] [Tigre:22] El Tigre Tony , tiene 0 años.
[2023-10-16 16:19:51] [ INFO ] [Leon:19] El León Albolito de navidad está corriendo....... 
[2023-10-16 16:19:51] [ DEBUG] [Leon:27] El león Albolito de navidad , tiene 13 años.
[2023-10-16 16:19:51] [ INFO ] [Leon:38] Al bicho le faltan huevos
[2023-10-16 16:19:51] [ INFO ] [Leon:19] El León Balón de oro está corriendo....... 
[2023-10-16 16:19:51] [ DEBUG] [Leon:27] El león Balón de oro , tiene 30 años.
[2023-10-16 16:19:51] [ INFO ] [Leon:36] EL bicho el macho Alfa
[2023-10-16 16:19:51] [ INFO ] [Tigre:14] El Tigre Tony está corriendo....... 
[2023-10-16 16:19:51] [ DEBUG] [Tigre:26] La edad del Tigre Tony es: 0
[2023-10-16 16:20:05] [ INFO ] [Leon:19] El León Albolito de navidad está corriendo....... 
[2023-10-16 16:20:05] [ DEBUG] [Leon:27] El león Albolito de navidad , tiene 13 años.
[2023-10-16 16:20:05] [ INFO ] [Leon:38] Al bicho le faltan huevos
[2023-10-16 16:20:05] [ INFO ] [Leon:19] El León Balón de oro está corriendo....... 
[2023-10-16 16:20:05] [ DEBUG] [Leon:27] El león Balón de oro , tiene 30 años.
[2023-10-16 16:20:05] [ INFO ] [Leon:36] EL bicho el macho Alfa
[2023-10-16 16:20:05] [ INFO ] [Tigre:14] El Tigre Tony está corriendo....... 
[2023-10-16 16:20:05] [ DEBUG] [Tigre:26] La edad del Tigre Tony es: 0
[2023-10-16 16:20:20] [ INFO ] [Leon:19] El León Albolito de navidad está corriendo....... 
[2023-10-16 16:20:20] [ DEBUG] [Leon:27] El león Albolito de navidad , tiene 13 años.
[2023-10-16 16:20:20] [ INFO ] [Leon:38] Al bicho le faltan huevos
[2023-10-16 16:20:20] [ INFO ] [Leon:19] El León Balón de oro está corriendo....... 
[2023-10-16 16:20:20] [ DEBUG] [Leon:27] El león Balón de oro , tiene 30 años.
[2023-10-16 16:20:20] [ INFO ] [Leon:36] EL bicho el macho Alfa
[2023-10-16 16:20:20] [ INFO ] [Tigre:14] El Tigre Tony está corriendo....... 
[2023-10-16 16:20:20] [ DEBUG] [Tigre:26] La edad del Tigre Tony es: 0
[2023-10-16 16:20:47] [ INFO ] [Leon:19] El León Albolito de navidad está corriendo....... 
[2023-10-16 16:20:47] [ DEBUG] [Leon:27] El león Albolito de navidad , tiene 13 años.
[2023-10-16 16:20:47] [ INFO ] [Leon:38] Al bicho le faltan huevos
[2023-10-16 16:20:47] [ INFO ] [Leon:19] El León Balón de oro está corriendo....... 
[2023-10-16 16:20:47] [ DEBUG] [Leon:27] El león Balón de oro , tiene 30 años.
[2023-10-16 16:20:47] [ INFO ] [Leon:36] EL bicho el macho Alfa
[2023-10-16 16:20:47] [ INFO ] [Tigre:14] El Tigre Tony está corriendo....... 
[2023-10-16 16:20:47] [ DEBUG] [Tigre:26] La edad del Tigre Tony es: 0
[2023-10-16 16:21:32] [ INFO ] [Leon:19] El León Albolito de navidad está corriendo....... 
[2023-10-16 16:21:32] [ DEBUG] [Leon:27] El león Albolito de navidad , tiene 13 años.
[2023-10-16 16:21:32] [ INFO ] [Leon:38] Al bicho le faltan huevos
[2023-10-16 16:21:32] [ INFO ] [Leon:19] El León Balón de oro está corriendo....... 
[2023-10-16 16:21:32] [ DEBUG] [Leon:27] El león Balón de oro , tiene 30 años.
[2023-10-16 16:21:32] [ INFO ] [Leon:36] EL bicho el macho Alfa
[2023-10-16 16:21:32] [ INFO ] [Tigre:14] El Tigre Tony está corriendo....... 
[2023-10-16 16:21:32] [ INFO ] [Tigre:20] Verificando la edad del tigre: Tony
[2023-10-16 16:21:32] [ DEBUG] [Tigre:27] La edad del Tigre Tony es: 0
[2023-10-16 16:26:43] [ INFO ] [Leon:19] El León Albolito de navidad está corriendo....... 
[2023-10-16 16:26:43] [ DEBUG] [Leon:27] El león Albolito de navidad , tiene 13 años.
[2023-10-16 16:26:43] [ INFO ] [Leon:38] Al bicho le faltan huevos
[2023-10-16 16:26:43] [ INFO ] [Leon:19] El León Balón de oro está corriendo....... 
[2023-10-16 16:26:43] [ DEBUG] [Leon:27] El león Balón de oro , tiene 30 años.
[2023-10-16 16:26:43] [ INFO ] [Leon:36] EL bicho el macho Alfa
[2023-10-16 16:26:43] [ INFO ] [Tigre:14] El Tigre Tony está corriendo....... 
[2023-10-16 16:26:43] [ INFO ] [Tigre:20] Verificando la edad del tigre: Tony
[2023-10-16 16:26:43] [ ERROR] [Tigre:23] La edad del Tigre Tony es incorrecta
[2023-10-16 16:26:43] [ DEBUG] [Tigre:29] La edad del Tigre Tony es: 0
[2023-10-16 16:27:13] [ INFO ] [Leon:19] El León Albolito de navidad está corriendo....... 
[2023-10-16 16:27:13] [ DEBUG] [Leon:27] El león Albolito de navidad , tiene 13 años.
[2023-10-16 16:27:13] [ INFO ] [Leon:38] Al bicho le faltan huevos
[2023-10-16 16:27:13] [ INFO ] [Leon:19] El León Balón de oro está corriendo....... 
[2023-10-16 16:27:13] [ DEBUG] [Leon:27] El león Balón de oro , tiene 30 años.
[2023-10-16 16:27:13] [ INFO ] [Leon:36] EL bicho el macho Alfa
[2023-10-16 16:27:13] [ INFO ] [Tigre:14] El Tigre Tony está corriendo....... 
[2023-10-16 16:27:13] [ INFO ] [Tigre:20] Verificando la edad del tigre: Tony
[2023-10-16 16:27:13] [ ERROR] [Tigre:23] La edad del Tigre Tony es incorrecta
[2023-10-16 16:27:13] [ DEBUG] [Tigre:30] La edad del Tigre Tony es: 0
[2023-10-16 16:27:57] [ INFO ] [Leon:19] El León Albolito de navidad está corriendo....... 
[2023-10-16 16:27:57] [ DEBUG] [Leon:27] El león Albolito de navidad , tiene 13 años.
[2023-10-16 16:27:57] [ INFO ] [Leon:38] Al bicho le faltan huevos
[2023-10-16 16:27:57] [ INFO ] [Leon:19] El León Balón de oro está corriendo....... 
[2023-10-16 16:27:57] [ DEBUG] [Leon:27] El león Balón de oro , tiene 30 años.
[2023-10-16 16:27:57] [ INFO ] [Leon:36] EL bicho el macho Alfa
[2023-10-16 16:27:57] [ INFO ] [Tigre:14] El Tigre Tony está corriendo....... 
[2023-10-16 16:27:57] [ INFO ] [Tigre:20] Verificando la edad del tigre: Tony
[2023-10-16 16:27:57] [ ERROR] [Tigre:23] La edad del Tigre Tony es incorrecta
[2023-10-16 16:27:57] [ DEBUG] [Tigre:30] La edad del Tigre Tony es: 0
[2023-10-16 16:29:06] [ INFO ] [Leon:19] El León Albolito de navidad está corriendo....... 
[2023-10-16 16:29:06] [ DEBUG] [Leon:27] El león Albolito de navidad , tiene 13 años.
[2023-10-16 16:29:06] [ INFO ] [Leon:38] Al bicho le faltan huevos
[2023-10-16 16:29:06] [ INFO ] [Leon:19] El León Balón de oro está corriendo....... 
[2023-10-16 16:29:06] [ DEBUG] [Leon:27] El león Balón de oro , tiene 30 años.
[2023-10-16 16:29:06] [ INFO ] [Leon:36] EL bicho el macho Alfa
[2023-10-16 16:29:06] [ INFO ] [Tigre:14] El Tigre Tony está corriendo....... 
[2023-10-16 16:29:06] [ INFO ] [Tigre:20] Verificando la edad del tigre: Tony
[2023-10-16 16:29:06] [ ERROR] [Tigre:23] La edad del Tigre Tony es incorrecta
[2023-10-16 16:29:06] [ DEBUG] [Tigre:31] La edad del Tigre Tony es: 0
[2023-10-16 16:29:36] [ INFO ] [Leon:19] El León Albolito de navidad está corriendo....... 
[2023-10-16 16:29:36] [ DEBUG] [Leon:27] El león Albolito de navidad , tiene 13 años.
[2023-10-16 16:29:36] [ INFO ] [Leon:38] Al bicho le faltan huevos
[2023-10-16 16:29:36] [ INFO ] [Leon:19] El León Balón de oro está corriendo....... 
[2023-10-16 16:29:36] [ DEBUG] [Leon:27] El león Balón de oro , tiene 30 años.
[2023-10-16 16:29:36] [ INFO ] [Leon:36] EL bicho el macho Alfa
[2023-10-16 16:29:36] [ INFO ] [Tigre:14] El Tigre Tony está corriendo....... 
[2023-10-16 16:29:36] [ INFO ] [Tigre:20] Verificando la edad del tigre: Tony
[2023-10-16 16:29:36] [ ERROR] [Tigre:23] La edad del Tigre Tony es incorrecta
[2023-10-16 16:29:36] [ DEBUG] [Tigre:31] La edad del Tigre Tony es: 0
[2023-10-16 16:34:23] [ INFO ] [Leon:19] El León Albolito de navidad está corriendo....... 
[2023-10-16 16:34:23] [ DEBUG] [Leon:27] El león Albolito de navidad , tiene 13 años.
[2023-10-16 16:34:23] [ INFO ] [Leon:38] Al bicho le faltan huevos
[2023-10-16 16:34:23] [ INFO ] [Leon:19] El León Balón de oro está corriendo....... 
[2023-10-16 16:34:23] [ DEBUG] [Leon:27] El león Balón de oro , tiene 30 años.
[2023-10-16 16:34:23] [ INFO ] [Leon:36] EL bicho el macho Alfa
[2023-10-16 16:34:23] [ INFO ] [Tigre:14] El Tigre Tony está corriendo....... 
[2023-10-16 16:34:23] [ INFO ] [Tigre:20] Verificando la edad del tigre: Tony
[2023-10-16 16:34:23] [ ERROR] [Tigre:23] La edad del Tigre Tony es incorrecta
[2023-10-16 16:34:23] [ DEBUG] [Tigre:31] La edad del Tigre Tony es: 0
[2023-10-16 16:41:17] [ INFO ] [Leon:19] El León Albolito de navidad está corriendo....... 
[2023-10-16 16:41:17] [ DEBUG] [Leon:27] El león Albolito de navidad , tiene 13 años.
[2023-10-16 16:41:17] [ INFO ] [Leon:38] Al bicho le faltan huevos
[2023-10-16 16:41:17] [ INFO ] [Leon:19] El León Balón de oro está corriendo....... 
[2023-10-16 16:41:17] [ DEBUG] [Leon:27] El león Balón de oro , tiene 30 años.
[2023-10-16 16:41:17] [ INFO ] [Leon:36] EL bicho el macho Alfa
[2023-10-16 16:41:17] [ INFO ] [Tigre:14] El Tigre Tony está corriendo....... 
[2023-10-16 16:41:17] [ INFO ] [Tigre:20] Verificando la edad del tigre: Tony
[2023-10-16 16:41:17] [ DEBUG] [Tigre:31] La edad del Tigre Tony es: 0
[2023-10-16 16:42:47] [ INFO ] [Leon:19] El León Albolito de navidad está corriendo....... 
[2023-10-16 16:42:47] [ DEBUG] [Leon:27] El león Albolito de navidad , tiene 13 años.
[2023-10-16 16:42:47] [ INFO ] [Leon:38] Al bicho le faltan huevos
[2023-10-16 16:42:47] [ INFO ] [Leon:19] El León Balón de oro está corriendo....... 
[2023-10-16 16:42:47] [ DEBUG] [Leon:27] El león Balón de oro , tiene 30 años.
[2023-10-16 16:42:47] [ INFO ] [Leon:36] EL bicho el macho Alfa
[2023-10-16 16:42:47] [ INFO ] [Tigre:14] El Tigre Tony está corriendo....... 
[2023-10-16 16:42:47] [ INFO ] [Tigre:20] Verificando la edad del tigre: Tony
[2023-10-16 16:42:47] [ ERROR] [Tigre:27] Error al crear el bicho tigre, la edad no puede ser negativa
[2023-10-16 16:42:47] [ DEBUG] [Tigre:31] La edad del Tigre Tony es: 0
[2023-10-16 16:43:30] [ INFO ] [Leon:19] El León Albolito de navidad está corriendo....... 
[2023-10-16 16:43:30] [ DEBUG] [Leon:27] El león Albolito de navidad , tiene 13 años.
[2023-10-16 16:43:30] [ INFO ] [Leon:38] Al bicho le faltan huevos
[2023-10-16 16:43:30] [ INFO ] [Leon:19] El León Balón de oro está corriendo....... 
[2023-10-16 16:43:30] [ DEBUG] [Leon:27] El león Balón de oro , tiene 30 años.
[2023-10-16 16:43:30] [ INFO ] [Leon:36] EL bicho el macho Alfa
[2023-10-16 16:43:30] [ INFO ] [Tigre:14] El Tigre Tony está corriendo....... 
[2023-10-16 16:43:30] [ INFO ] [Tigre:20] Verificando la edad del tigre: Tony
[2023-10-16 16:43:30] [ DEBUG] [Tigre:31] La edad del Tigre Tony es: 0
[2023-10-16 16:43:57] [ INFO ] [Leon:19] El León Albolito de navidad está corriendo....... 
[2023-10-16 16:43:57] [ DEBUG] [Leon:27] El león Albolito de navidad , tiene 13 años.
[2023-10-16 16:43:57] [ INFO ] [Leon:38] Al bicho le faltan huevos
[2023-10-16 16:43:57] [ INFO ] [Leon:19] El León Balón de oro está corriendo....... 
[2023-10-16 16:43:57] [ DEBUG] [Leon:27] El león Balón de oro , tiene 30 años.
[2023-10-16 16:43:57] [ INFO ] [Leon:36] EL bicho el macho Alfa
[2023-10-16 16:43:57] [ INFO ] [Tigre:14] El Tigre Tony está corriendo....... 
[2023-10-16 16:43:57] [ INFO ] [Tigre:20] Verificando la edad del tigre: Tony
[2023-10-16 16:43:57] [ ERROR] [Tigre:27] Error al crear el bicho tigre, la edad no puede ser negativa
[2023-10-16 16:43:57] [ DEBUG] [Tigre:31] La edad del Tigre Tony es: -70
[2023-10-16 16:48:24] [ INFO ] [Leon:19] El León Albolito de navidad está corriendo....... 
[2023-10-16 16:48:24] [ DEBUG] [Leon:27] El león Albolito de navidad , tiene 13 años.
[2023-10-16 16:48:24] [ INFO ] [Leon:38] Al bicho le faltan huevos
[2023-10-16 16:48:24] [ INFO ] [Leon:19] El León Balón de oro está corriendo....... 
[2023-10-16 16:48:24] [ DEBUG] [Leon:27] El león Balón de oro , tiene 30 años.
[2023-10-16 16:48:24] [ INFO ] [Leon:36] EL bicho el macho Alfa
[2023-10-16 16:48:24] [ INFO ] [Tigre:14] El Tigre Tony está corriendo....... 
[2023-10-16 16:48:24] [ INFO ] [Tigre:20] Verificando la edad del tigre: Tony
[2023-10-16 16:48:24] [ DEBUG] [Tigre:31] La edad del Tigre Tony es: -70
[2023-10-16 16:48:37] [ INFO ] [Leon:19] El León Albolito de navidad está corriendo....... 
[2023-10-16 16:48:37] [ DEBUG] [Leon:27] El león Albolito de navidad , tiene 13 años.
[2023-10-16 16:48:37] [ INFO ] [Leon:38] Al bicho le faltan huevos
[2023-10-16 16:48:37] [ INFO ] [Leon:19] El León Balón de oro está corriendo....... 
[2023-10-16 16:48:37] [ DEBUG] [Leon:27] El león Balón de oro , tiene 30 años.
[2023-10-16 16:48:37] [ INFO ] [Leon:36] EL bicho el macho Alfa
[2023-10-16 16:48:37] [ INFO ] [Tigre:14] El Tigre Tony está corriendo....... 
[2023-10-16 16:48:37] [ INFO ] [Tigre:20] Verificando la edad del tigre: Tony
[2023-10-16 16:48:37] [ ERROR] [Tigre:27] Error al crear el bicho tigre, la edad no puede ser negativa
[2023-10-16 16:48:37] [ DEBUG] [Tigre:31] La edad del Tigre Tony es: -70
[2023-10-16 16:51:20] [ INFO ] [Leon:19] El León Albolito de navidad está corriendo....... 
[2023-10-16 16:51:20] [ DEBUG] [Leon:27] El león Albolito de navidad , tiene 13 años.
[2023-10-16 16:51:20] [ INFO ] [Leon:38] Al bicho le faltan huevos
[2023-10-16 16:51:20] [ INFO ] [Leon:19] El León Balón de oro está corriendo....... 
[2023-10-16 16:51:20] [ DEBUG] [Leon:27] El león Balón de oro , tiene 30 años.
[2023-10-16 16:51:20] [ INFO ] [Leon:36] EL bicho el macho Alfa
[2023-10-16 16:51:20] [ INFO ] [Tigre:14] El Tigre Tony está corriendo....... 
[2023-10-16 16:51:20] [ INFO ] [Tigre:20] Verificando la edad del tigre: Tony
[2023-10-16 16:51:20] [ DEBUG] [Tigre:31] La edad del Tigre Tony es: -70
[2023-10-16 16:52:30] [ INFO ] [Leon:19] El León Albolito de navidad está corriendo....... 
[2023-10-16 16:52:30] [ DEBUG] [Leon:27] El león Albolito de navidad , tiene 13 años.
[2023-10-16 16:52:30] [ INFO ] [Leon:38] Al bicho le faltan huevos
[2023-10-16 16:52:30] [ INFO ] [Leon:19] El León Balón de oro está corriendo....... 
[2023-10-16 16:52:30] [ DEBUG] [Leon:27] El león Balón de oro , tiene 30 años.
[2023-10-16 16:52:30] [ INFO ] [Leon:36] EL bicho el macho Alfa
[2023-10-16 16:52:30] [ INFO ] [Tigre:14] El Tigre Tony está corriendo....... 
[2023-10-16 16:52:30] [ INFO ] [Tigre:20] Verificando la edad del tigre: Tony
[2023-10-16 16:52:30] [ ERROR] [Tigre:27] Error al crear el bicho tigre, la edad no puede ser negativa
java.lang.Exception: La edad no puede ser negativa
	at com.backend.Tigre.esMayorA10(Tigre.java:23)
	at com.backend.Test.main(Test.java:23)
[2023-10-16 16:52:30] [ DEBUG] [Tigre:31] La edad del Tigre Tony es: -70
[2023-10-16 17:02:23] [ INFO ] [Leon:19] El León Albolito de navidad está corriendo....... 
[2023-10-16 17:02:23] [ DEBUG] [Leon:27] El león Albolito de navidad , tiene 13 años.
[2023-10-16 17:02:23] [ INFO ] [Leon:38] Al bicho le faltan huevos
[2023-10-16 17:02:23] [ INFO ] [Leon:19] El León Balón de oro está corriendo....... 
[2023-10-16 17:02:23] [ DEBUG] [Leon:27] El león Balón de oro , tiene 30 años.
[2023-10-16 17:02:23] [ INFO ] [Leon:36] EL bicho el macho Alfa
[2023-10-16 17:02:23] [ INFO ] [Tigre:14] El Tigre Tony está corriendo....... 
[2023-10-16 17:02:23] [ INFO ] [Tigre:20] Verificando la edad del tigre: Tony
[2023-10-16 17:02:23] [ DEBUG] [Tigre:30] La edad del Tigre Tony es: -70
[2023-10-16 17:03:00] [ INFO ] [Leon:19] El León Albolito de navidad está corriendo....... 
[2023-10-16 17:03:00] [ DEBUG] [Leon:27] El león Albolito de navidad , tiene 13 años.
[2023-10-16 17:03:00] [ INFO ] [Leon:38] Al bicho le faltan huevos
[2023-10-16 17:03:00] [ INFO ] [Leon:19] El León Balón de oro está corriendo....... 
[2023-10-16 17:03:00] [ DEBUG] [Leon:27] El león Balón de oro , tiene 30 años.
[2023-10-16 17:03:00] [ INFO ] [Leon:36] EL bicho el macho Alfa
[2023-10-16 17:03:00] [ INFO ] [Tigre:14] El Tigre Tony está corriendo....... 
[2023-10-16 17:03:00] [ INFO ] [Tigre:20] Verificando la edad del tigre: Tony
[2023-10-16 17:03:00] [ DEBUG] [Tigre:31] La edad del Tigre Tony es: -70
[2023-10-16 17:03:16] [ INFO ] [Leon:19] El León Albolito de navidad está corriendo....... 
[2023-10-16 17:03:16] [ DEBUG] [Leon:27] El león Albolito de navidad , tiene 13 años.
[2023-10-16 17:03:16] [ INFO ] [Leon:38] Al bicho le faltan huevos
[2023-10-16 17:03:16] [ INFO ] [Leon:19] El León Balón de oro está corriendo....... 
[2023-10-16 17:03:16] [ DEBUG] [Leon:27] El león Balón de oro , tiene 30 años.
[2023-10-16 17:03:16] [ INFO ] [Leon:36] EL bicho el macho Alfa
[2023-10-16 17:03:16] [ INFO ] [Tigre:14] El Tigre Tony está corriendo....... 
[2023-10-16 17:03:16] [ INFO ] [Tigre:20] Verificando la edad del tigre: Tony
[2023-10-16 17:03:16] [ DEBUG] [Tigre:31] La edad del Tigre Tony es: -70
[2023-10-16 17:03:55] [ INFO ] [Leon:19] El León Albolito de navidad está corriendo....... 
[2023-10-16 17:03:55] [ DEBUG] [Leon:27] El león Albolito de navidad , tiene 13 años.
[2023-10-16 17:03:55] [ INFO ] [Leon:38] Al bicho le faltan huevos
[2023-10-16 17:03:55] [ INFO ] [Leon:19] El León Balón de oro está corriendo....... 
[2023-10-16 17:03:55] [ DEBUG] [Leon:27] El león Balón de oro , tiene 30 años.
[2023-10-16 17:03:55] [ INFO ] [Leon:36] EL bicho el macho Alfa
[2023-10-16 17:03:55] [ INFO ] [Tigre:14] El Tigre Tony está corriendo....... 
[2023-10-16 17:03:55] [ INFO ] [Tigre:20] Verificando la edad del tigre: Tony
[2023-10-16 17:03:55] [ ERROR] [Tigre:27] Error al crear el bicho tigre, la edad no puede ser negativa
java.lang.Exception: La edad no puede ser negativa
	at com.backend.Tigre.esMayorA10(Tigre.java:23)
	at com.backend.Test.main(Test.java:23)
[2023-10-16 17:03:55] [ DEBUG] [Tigre:31] La edad del Tigre Tony es: -70
[2023-10-16 17:04:55] [ INFO ] [Leon:19] El León Albolito de navidad está corriendo....... 
[2023-10-16 17:04:55] [ DEBUG] [Leon:27] El león Albolito de navidad , tiene 13 años.
[2023-10-16 17:04:55] [ INFO ] [Leon:38] Al bicho le faltan huevos
[2023-10-16 17:04:55] [ INFO ] [Leon:19] El León Balón de oro está corriendo....... 
[2023-10-16 17:04:55] [ DEBUG] [Leon:27] El león Balón de oro , tiene 30 años.
[2023-10-16 17:04:55] [ INFO ] [Leon:36] EL bicho el macho Alfa
[2023-10-16 17:04:55] [ INFO ] [Tigre:14] El Tigre Tony está corriendo....... 
[2023-10-16 17:04:55] [ INFO ] [Tigre:20] Verificando la edad del tigre: Tony
[2023-10-16 17:04:55] [ ERROR] [Tigre:27] Error al crear el bicho tigre, la edad no puede ser negativa
java.lang.Exception: La edad no puede ser negativa
	at com.backend.Tigre.esMayorA10(Tigre.java:23)
	at com.backend.Test.main(Test.java:23)
[2023-10-16 17:05:21] [ INFO ] [Leon:19] El León Albolito de navidad está corriendo....... 
[2023-10-16 17:05:21] [ DEBUG] [Leon:27] El león Albolito de navidad , tiene 13 años.
[2023-10-16 17:05:21] [ INFO ] [Leon:38] Al bicho le faltan huevos
[2023-10-16 17:05:21] [ INFO ] [Leon:19] El León Balón de oro está corriendo....... 
[2023-10-16 17:05:21] [ DEBUG] [Leon:27] El león Balón de oro , tiene 30 años.
[2023-10-16 17:05:21] [ INFO ] [Leon:36] EL bicho el macho Alfa
[2023-10-16 17:05:21] [ INFO ] [Tigre:14] El Tigre Tony está corriendo....... 
[2023-10-16 17:05:21] [ INFO ] [Tigre:20] Verificando la edad del tigre: Tony
[2023-10-16 17:05:21] [ DEBUG] [Tigre:31] La edad del Tigre Tony es: -70
[2023-10-16 17:06:02] [ INFO ] [Leon:19] El León Albolito de navidad está corriendo....... 
[2023-10-16 17:06:02] [ DEBUG] [Leon:27] El león Albolito de navidad , tiene 13 años.
[2023-10-16 17:06:02] [ INFO ] [Leon:38] Al bicho le faltan huevos
[2023-10-16 17:06:02] [ INFO ] [Leon:19] El León Balón de oro está corriendo....... 
[2023-10-16 17:06:02] [ DEBUG] [Leon:27] El león Balón de oro , tiene 30 años.
[2023-10-16 17:06:02] [ INFO ] [Leon:36] EL bicho el macho Alfa
[2023-10-16 17:06:02] [ INFO ] [Tigre:14] El Tigre Tony está corriendo....... 
[2023-10-16 17:06:02] [ INFO ] [Tigre:20] Verificando la edad del tigre: Tony
[2023-10-16 17:06:02] [ DEBUG] [Tigre:31] La edad del Tigre Tony es: -70
[2023-10-16 17:08:12] [ INFO ] [Leon:19] El León Albolito de navidad está corriendo....... 
[2023-10-16 17:08:12] [ DEBUG] [Leon:27] El león Albolito de navidad , tiene 13 años.
[2023-10-16 17:08:12] [ INFO ] [Leon:38] Al bicho le faltan huevos
[2023-10-16 17:08:12] [ INFO ] [Leon:19] El León Balón de oro está corriendo....... 
[2023-10-16 17:08:12] [ DEBUG] [Leon:27] El león Balón de oro , tiene 30 años.
[2023-10-16 17:08:12] [ INFO ] [Leon:36] EL bicho el macho Alfa
[2023-10-16 17:08:12] [ INFO ] [Tigre:14] El Tigre Tony está corriendo....... 
[2023-10-16 17:08:12] [ INFO ] [Tigre:20] Verificando la edad del tigre: Tony
[2023-10-16 17:08:12] [ ERROR] [Tigre:27] Error al crear el bicho tigre, la edad no puede ser negativa
java.lang.Exception: La edad no puede ser negativa
	at com.backend.Tigre.esMayorA10(Tigre.java:23)
	at com.backend.Test.main(Test.java:23)
[2023-10-16 17:08:12] [ INFO ] [Tigre:14] El Tigre Tony está corriendo....... 
[2023-10-16 17:08:12] [ INFO ] [Tigre:20] Verificando la edad del tigre: Tony
[2023-10-16 17:08:12] [ ERROR] [Tigre:27] Error al crear el bicho tigre, la edad no puede ser negativa
java.lang.Exception: La edad no puede ser negativa
	at com.backend.Tigre.esMayorA10(Tigre.java:23)
	at com.backend.Test.main(Test.java:29)
[2023-10-16 17:09:17] [ INFO ] [Leon:19] El León Albolito de navidad está corriendo....... 
[2023-10-16 17:09:17] [ DEBUG] [Leon:27] El león Albolito de navidad , tiene 13 años.
[2023-10-16 17:09:17] [ INFO ] [Leon:38] Al bicho le faltan huevos
[2023-10-16 17:09:17] [ INFO ] [Leon:19] El León Balón de oro está corriendo....... 
[2023-10-16 17:09:17] [ DEBUG] [Leon:27] El león Balón de oro , tiene 30 años.
[2023-10-16 17:09:17] [ INFO ] [Leon:36] EL bicho el macho Alfa
[2023-10-16 17:09:17] [ INFO ] [Tigre:14] El Tigre Tony está corriendo....... 
[2023-10-16 17:09:17] [ INFO ] [Tigre:20] Verificando la edad del tigre: Tony
[2023-10-16 17:09:17] [ ERROR] [Tigre:27] Error al crear el bicho tigre, la edad no puede ser negativa
java.lang.Exception: La edad no puede ser negativa
	at com.backend.Tigre.esMayorA10(Tigre.java:23)
	at com.backend.Test.main(Test.java:23)
[2023-10-16 17:09:17] [ INFO ] [Tigre:14] El Tigre Cachalay está corriendo....... 
[2023-10-16 17:09:17] [ INFO ] [Tigre:20] Verificando la edad del tigre: Cachalay
[2023-10-16 17:09:17] [ DEBUG] [Tigre:31] La edad del Tigre Cachalay es: 450
[2023-10-16 17:11:09] [ INFO ] [Leon:19] El León Albolito de navidad está corriendo....... 
[2023-10-16 17:11:10] [ INFO ] [Leon:25] Verificando la edad del león: Albolito de navidad
[2023-10-16 17:11:10] [ DEBUG] [Leon:36] La edad del León Albolito de navidad es: 13 años.
[2023-10-16 17:11:10] [ INFO ] [Leon:45] Al bicho le faltan huevos
[2023-10-16 17:11:10] [ INFO ] [Leon:19] El León Balón de oro está corriendo....... 
[2023-10-16 17:11:10] [ INFO ] [Leon:25] Verificando la edad del león: Balón de oro
[2023-10-16 17:11:10] [ DEBUG] [Leon:36] La edad del León Balón de oro es: 30 años.
[2023-10-16 17:11:10] [ INFO ] [Leon:43] EL bicho el macho Alfa
[2023-10-16 17:11:10] [ INFO ] [Tigre:14] El Tigre Tony está corriendo....... 
[2023-10-16 17:11:10] [ INFO ] [Tigre:20] Verificando la edad del tigre: Tony
[2023-10-16 17:11:10] [ ERROR] [Tigre:27] Error al crear el bicho tigre, la edad no puede ser negativa
java.lang.Exception: La edad no puede ser negativa
	at com.backend.Tigre.esMayorA10(Tigre.java:23)
	at com.backend.Test.main(Test.java:23)
[2023-10-16 17:11:10] [ INFO ] [Tigre:14] El Tigre Cachalay está corriendo....... 
[2023-10-16 17:11:10] [ INFO ] [Tigre:20] Verificando la edad del tigre: Cachalay
[2023-10-16 17:11:10] [ DEBUG] [Tigre:31] La edad del Tigre Cachalay es: 450 años.
[2023-10-16 17:11:28] [ INFO ] [Leon:19] El León Albolito de navidad está corriendo....... 
[2023-10-16 17:11:28] [ INFO ] [Leon:25] Verificando la edad del león: Albolito de navidad
[2023-10-16 17:11:28] [ DEBUG] [Leon:36] La edad del León Albolito de navidad es: 13 años.
[2023-10-16 17:11:28] [ INFO ] [Leon:45] Al bicho le faltan huevos
[2023-10-16 17:11:28] [ INFO ] [Leon:19] El León Balón de oro está corriendo....... 
[2023-10-16 17:11:28] [ INFO ] [Leon:25] Verificando la edad del león: Balón de oro
[2023-10-16 17:11:28] [ ERROR] [Leon:32] Error al crear el bicho león, la edad no puede ser negativa
java.lang.Exception: La edad no puede ser negativa
	at com.backend.Leon.esMayorA10(Leon.java:28)
	at com.backend.Test.main(Test.java:16)
[2023-10-16 17:11:28] [ INFO ] [Leon:43] EL bicho el macho Alfa
[2023-10-16 17:11:28] [ INFO ] [Tigre:14] El Tigre Tony está corriendo....... 
[2023-10-16 17:11:28] [ INFO ] [Tigre:20] Verificando la edad del tigre: Tony
[2023-10-16 17:11:28] [ ERROR] [Tigre:27] Error al crear el bicho tigre, la edad no puede ser negativa
java.lang.Exception: La edad no puede ser negativa
	at com.backend.Tigre.esMayorA10(Tigre.java:23)
	at com.backend.Test.main(Test.java:23)
[2023-10-16 17:11:28] [ INFO ] [Tigre:14] El Tigre Cachalay está corriendo....... 
[2023-10-16 17:11:28] [ INFO ] [Tigre:20] Verificando la edad del tigre: Cachalay
[2023-10-16 17:11:28] [ DEBUG] [Tigre:31] La edad del Tigre Cachalay es: 450 años.
[2023-10-16 17:12:08] [ INFO ] [Leon:19] El León Albolito de navidad está corriendo....... 
[2023-10-16 17:12:08] [ INFO ] [Leon:25] Verificando la edad del león: Albolito de navidad
[2023-10-16 17:12:08] [ DEBUG] [Leon:36] La edad del León Albolito de navidad es: 13 años.
[2023-10-16 17:12:08] [ INFO ] [Leon:45] Al bicho le faltan huevos
[2023-10-16 17:12:08] [ INFO ] [Leon:19] El León Balón de oro está corriendo....... 
[2023-10-16 17:12:08] [ INFO ] [Leon:25] Verificando la edad del león: Balón de oro
[2023-10-16 17:12:08] [ ERROR] [Leon:32] Error al crear el bicho león, la edad no puede ser negativa
java.lang.Exception: La edad no puede ser negativa
	at com.backend.Leon.esMayorA10(Leon.java:28)
	at com.backend.Test.main(Test.java:16)
[2023-10-16 17:12:08] [ INFO ] [Leon:43] EL bichoBalón de oro es macho Alfa
[2023-10-16 17:12:08] [ INFO ] [Tigre:14] El Tigre Tony está corriendo....... 
[2023-10-16 17:12:08] [ INFO ] [Tigre:20] Verificando la edad del tigre: Tony
[2023-10-16 17:12:08] [ ERROR] [Tigre:27] Error al crear el bicho tigre, la edad no puede ser negativa
java.lang.Exception: La edad no puede ser negativa
	at com.backend.Tigre.esMayorA10(Tigre.java:23)
	at com.backend.Test.main(Test.java:23)
[2023-10-16 17:12:08] [ INFO ] [Tigre:14] El Tigre Cachalay está corriendo....... 
[2023-10-16 17:12:08] [ INFO ] [Tigre:20] Verificando la edad del tigre: Cachalay
[2023-10-16 17:12:08] [ DEBUG] [Tigre:31] La edad del Tigre Cachalay es: 450 años.
